#
# There is insufficient memory for the Java Runtime Environment to continue.
# Native memory allocation (mmap) failed to map 130023424 bytes. Error detail: G1 virtual space
# Possible reasons:
#   The system is out of physical RAM or swap space
#   This process is running with CompressedOops enabled, and the Java Heap may be blocking the growth of the native heap
# Possible solutions:
#   Reduce memory load on the system
#   Increase physical memory or swap space
#   Check if swap backing store is full
#   Decrease Java heap size (-Xmx/-Xms)
#   Decrease number of Java threads
#   Decrease Java thread stack sizes (-Xss)
#   Set larger code cache with -XX:ReservedCodeCacheSize=
#   JVM is running with Unscaled Compressed Oops mode in which the Java heap is
#     placed in the first 4GB address space. The Java Heap base address is the
#     maximum limit for the native heap growth. Please use -XX:HeapBaseMinAddress
#     to set the Java Heap base and to place the Java Heap above 4GB virtual address.
# This output file may be truncated or incomplete.
#
#  Out of Memory Error (os_windows.cpp:3564), pid=34240, tid=21904
#
# JRE version:  (24.0.1+9) (build )
# Java VM: OpenJDK 64-Bit Server VM (24.0.1+9, mixed mode, sharing, tiered, compressed oops, compressed class ptrs, g1 gc, windows-amd64)
# No core dump will be written. Minidumps are not enabled by default on client versions of Windows
#

---------------  S U M M A R Y ------------

Command Line: -Dfile.encoding=UTF-8 --module-path=C:\Users\rohit\OneDrive\Documents\NetBeansProjects\NextGen Digital Banking Suite\build\classes nextgen.digital.banking.suite.Login

Host: 12th Gen Intel(R) Core(TM) i5-1235U, 12 cores, 7G,  Windows 11 , 64 bit Build 26100 (10.0.26100.6725)
Time: Tue Nov  4 12:21:17 2025 India Standard Time elapsed time: 2.028138 seconds (0d 0h 0m 2s)

---------------  T H R E A D  ---------------

Current thread (0x000002348758e8f0):  JavaThread "Unknown thread" [_thread_in_vm, id=21904, stack(0x0000009d2c100000,0x0000009d2c200000) (1024K)]

Stack: [0x0000009d2c100000,0x0000009d2c200000]
Native frames: (J=compiled Java code, j=interpreted, Vv=VM code, C=native code)
V  [jvm.dll+0x7410c9]  (no source info available)
V  [jvm.dll+0x97def3]  (no source info available)
V  [jvm.dll+0x98021d]  (no source info available)
V  [jvm.dll+0x980893]  (no source info available)
V  [jvm.dll+0x2b5b16]  (no source info available)
V  [jvm.dll+0x73d535]  (no source info available)
V  [jvm.dll+0x730d0a]  (no source info available)
V  [jvm.dll+0x39ea4a]  (no source info available)
V  [jvm.dll+0x3a6746]  (no source info available)
V  [jvm.dll+0x392fce]  (no source info available)
V  [jvm.dll+0x393288]  (no source info available)
V  [jvm.dll+0x369fcc]  (no source info available)
V  [jvm.dll+0x36ac8d]  (no source info available)
V  [jvm.dll+0x94069f]  (no source info available)
V  [jvm.dll+0x4077ad]  (no source info available)
V  [jvm.dll+0x928b1e]  (no source info available)
V  [jvm.dll+0x4a2c4e]  (no source info available)
V  [jvm.dll+0x4a4b81]  (no source info available)
C  [jli.dll+0x52a1]  (no source info available)
C  [ucrtbase.dll+0x37b0]  (no source info available)
C  [KERNEL32.DLL+0x2e8d7]  (no source info available)
C  [ntdll.dll+0x8c53c]  (no source info available)

Lock stack of current Java thread (top to bottom):


---------------  P R O C E S S  ---------------

Threads class SMR info:
_java_thread_list=0x00007ffea8b5bf58, length=0, elements={
}

Java Threads: ( => current thread )
Total: 0

Other Threads:
  0x0000023489ad0660 WorkerThread "GC Thread#0"                     [id=34296, stack(0x0000009d2c200000,0x0000009d2c300000) (1024K)]
  0x0000023489b01b60 ConcurrentGCThread "G1 Main Marker"            [id=5516, stack(0x0000009d2c300000,0x0000009d2c400000) (1024K)]
  0x0000023489b03520 WorkerThread "G1 Conc#0"                       [id=34284, stack(0x0000009d2c400000,0x0000009d2c500000) (1024K)]

[error occurred during error reporting (printing all threads), id 0xc0000005, EXCEPTION_ACCESS_VIOLATION (0xc0000005) at pc=0x00007ffea81cefaa]
VM state: not at safepoint (not fully initialized)

VM Mutex/Monitor currently owned by a thread:  ([mutex/lock_event])
[0x00007ffea8be50c8] Heap_lock - owner thread: 0x000002348758e8f0

Heap address: 0x0000000085200000, size: 1966 MB, Compressed Oops mode: 32-bit

CDS archive(s) mapped at: [0x0000000000000000-0x0000000000000000-0x0000000000000000), size 0, SharedBaseAddress: 0x0000000800000000, ArchiveRelocationMode: 1.
UseCompressedClassPointers 1, UseCompactObjectHeaders 0
Narrow klass pointer bits 32, Max shift 3
Narrow klass base: 0xffffffffffffffff, Narrow klass shift: -1
Encoding Range: [0xffffffffffffffff - 0x000000007fffffff), (2147483648 bytes)
Klass Range:    [0x0000000000000000 - 0x0000000000000000), (0 bytes)
Klass ID Range:  [4294967295 - 0) (1)

GC Precious Log:
 CardTable entry size: 512
 Card Set container configuration: InlinePtr #cards 5 size 8 Array Of Cards #cards 10 size 36 Howl #buckets 4 coarsen threshold 1843 Howl Bitmap #cards 512 size 80 coarsen threshold 460 Card regions per heap region 1 cards per card region 2048

Heap:
 garbage-first heap   total reserved 2013184K, committed 0K, used 0K [0x0000000085200000, 0x0000000100000000)
  region size 1024K, 0 young (0K), 0 survivors (0K)

[error occurred during error reporting (printing heap information), id 0xc0000005, EXCEPTION_ACCESS_VIOLATION (0xc0000005) at pc=0x00007ffea85ef8e9]
GC Heap History (0 events):
No events

Dll operation events (1 events):
Event: 0.008 Loaded shared library C:\Program Files\Apache NetBeans\jdk\bin\java.dll

Deoptimization events (0 events):
No events

Classes loaded (0 events):
No events

Classes unloaded (0 events):
No events

Classes redefined (0 events):
No events

Internal exceptions (0 events):
No events

VM Operations (0 events):
No events

Memory protections (0 events):
No events

Nmethod flushes (0 events):
No events

Events (0 events):
No events


Dynamic libraries:
0x00007ff65bea0000 - 0x00007ff65beae000 	C:\Program Files\Apache NetBeans\jdk\bin\java.exe
0x00007fff24b60000 - 0x00007fff24dc8000 	C:\WINDOWS\SYSTEM32\ntdll.dll
0x00007fff23ab0000 - 0x00007fff23b79000 	C:\WINDOWS\System32\KERNEL32.DLL
0x00007fff21da0000 - 0x00007fff22192000 	C:\WINDOWS\System32\KERNELBASE.dll
0x00007fff221a0000 - 0x00007fff222eb000 	C:\WINDOWS\System32\ucrtbase.dll
0x00007ffef9b30000 - 0x00007ffef9b4e000 	C:\Program Files\Apache NetBeans\jdk\bin\VCRUNTIME140.dll
0x00007ffef6ec0000 - 0x00007ffef6ed6000 	C:\Program Files\Apache NetBeans\jdk\bin\jli.dll
0x00007fff22ff0000 - 0x00007fff231b5000 	C:\WINDOWS\System32\USER32.dll
0x00007fff223b0000 - 0x00007fff223d7000 	C:\WINDOWS\System32\win32u.dll
0x00007fff02b00000 - 0x00007fff02d93000 	C:\WINDOWS\WinSxS\amd64_microsoft.windows.common-controls_6595b64144ccf1df_6.0.26100.6899_none_3e0efeeae32e88c1\COMCTL32.dll
0x00007fff24af0000 - 0x00007fff24b1b000 	C:\WINDOWS\System32\GDI32.dll
0x00007fff24420000 - 0x00007fff244c9000 	C:\WINDOWS\System32\msvcrt.dll
0x00007fff22690000 - 0x00007fff227bd000 	C:\WINDOWS\System32\gdi32full.dll
0x00007fff21cf0000 - 0x00007fff21d93000 	C:\WINDOWS\System32\msvcp_win.dll
0x00007fff23310000 - 0x00007fff2333f000 	C:\WINDOWS\System32\IMM32.DLL
0x00007ffeff060000 - 0x00007ffeff06c000 	C:\Program Files\Apache NetBeans\jdk\bin\vcruntime140_1.dll
0x00007ffebace0000 - 0x00007ffebad6d000 	C:\Program Files\Apache NetBeans\jdk\bin\msvcp140.dll
0x00007ffea7e50000 - 0x00007ffea8ccc000 	C:\Program Files\Apache NetBeans\jdk\bin\server\jvm.dll
0x00007fff23b80000 - 0x00007fff23c34000 	C:\WINDOWS\System32\ADVAPI32.dll
0x00007fff244d0000 - 0x00007fff24576000 	C:\WINDOWS\System32\sechost.dll
0x00007fff231c0000 - 0x00007fff232d8000 	C:\WINDOWS\System32\RPCRT4.dll
0x00007fff23c40000 - 0x00007fff23cb4000 	C:\WINDOWS\System32\WS2_32.dll
0x00007fff21b50000 - 0x00007fff21bae000 	C:\WINDOWS\SYSTEM32\POWRPROF.dll
0x00007fff0f730000 - 0x00007fff0f73b000 	C:\WINDOWS\SYSTEM32\VERSION.dll
0x00007fff16e60000 - 0x00007fff16e95000 	C:\WINDOWS\SYSTEM32\WINMM.dll
0x00007fff21b30000 - 0x00007fff21b44000 	C:\WINDOWS\SYSTEM32\UMPDC.dll
0x00007fff20ac0000 - 0x00007fff20adb000 	C:\WINDOWS\SYSTEM32\kernel.appcore.dll
0x00007ffefcc90000 - 0x00007ffefcc9a000 	C:\Program Files\Apache NetBeans\jdk\bin\jimage.dll
0x00007fff1f360000 - 0x00007fff1f5a2000 	C:\WINDOWS\SYSTEM32\DBGHELP.DLL
0x00007fff22c70000 - 0x00007fff22feb000 	C:\WINDOWS\System32\combase.dll
0x00007fff24120000 - 0x00007fff241f7000 	C:\WINDOWS\System32\OLEAUT32.dll
0x00007fff03d70000 - 0x00007fff03dac000 	C:\WINDOWS\SYSTEM32\dbgcore.DLL
0x00007fff225f0000 - 0x00007fff22688000 	C:\WINDOWS\System32\bcryptPrimitives.dll
0x00007ffef6ee0000 - 0x00007ffef6efe000 	C:\Program Files\Apache NetBeans\jdk\bin\java.dll
0x00007fff24270000 - 0x00007fff24408000 	C:\WINDOWS\System32\ole32.dll
0x00007fff23360000 - 0x00007fff23aad000 	C:\WINDOWS\System32\SHELL32.dll
0x00007fff227c0000 - 0x00007fff2292b000 	C:\WINDOWS\System32\wintypes.dll

JVMTI agents: none

dbghelp: loaded successfully - version: 4.0.5 - missing functions: none
symbol engine: initialized successfully - sym options: 0x614 - pdb path: .;C:\Program Files\Apache NetBeans\jdk\bin;C:\WINDOWS\SYSTEM32;C:\WINDOWS\WinSxS\amd64_microsoft.windows.common-controls_6595b64144ccf1df_6.0.26100.6899_none_3e0efeeae32e88c1;C:\Program Files\Apache NetBeans\jdk\bin\server

VM Arguments:
jvm_args: -Dfile.encoding=UTF-8 --module-path=C:\Users\rohit\OneDrive\Documents\NetBeansProjects\NextGen Digital Banking Suite\build\classes 
java_command: nextgen.digital.banking.suite.Login
java_class_path (initial): C:\Users\rohit\Downloads\mysql-connector-java-8.0.28.jar;C:\Users\rohit\Downloads\jcalendar-tz-1.3.3-4.jar;C:\Users\rohit\OneDrive\Documents\NetBeansProjects\NextGen Digital Banking Suite\build\classes
Launcher Type: SUN_STANDARD

[Global flags]
     intx CICompilerCount                          = 4                                         {product} {ergonomic}
     uint ConcGCThreads                            = 3                                         {product} {ergonomic}
     uint G1ConcRefinementThreads                  = 10                                        {product} {ergonomic}
   size_t G1HeapRegionSize                         = 1048576                                   {product} {ergonomic}
   size_t InitialHeapSize                          = 130023424                                 {product} {ergonomic}
   size_t MarkStackSize                            = 4194304                                   {product} {ergonomic}
   size_t MarkStackSizeMax                         = 536870912                                 {product} {ergonomic}
   size_t MaxHeapSize                              = 2061500416                                {product} {ergonomic}
   size_t MinHeapDeltaBytes                        = 1048576                                   {product} {ergonomic}
   size_t MinHeapSize                              = 8388608                                   {product} {ergonomic}
    uintx NonNMethodCodeHeapSize                   = 5832704                                {pd product} {ergonomic}
    uintx NonProfiledCodeHeapSize                  = 122945536                              {pd product} {ergonomic}
    uintx ProfiledCodeHeapSize                     = 122880000                              {pd product} {ergonomic}
    uintx ReservedCodeCacheSize                    = 251658240                              {pd product} {ergonomic}
     bool SegmentedCodeCache                       = true                                      {product} {ergonomic}
   size_t SoftMaxHeapSize                          = 2061500416                             {manageable} {ergonomic}
     bool UseCompressedOops                        = true                           {product lp64_product} {ergonomic}
     bool UseG1GC                                  = true                                      {product} {ergonomic}
     bool UseLargePagesIndividualAllocation        = false                                  {pd product} {ergonomic}

Logging:
Log output configuration:
 #0: stdout all=warning uptime,level,tags foldmultilines=false
 #1: stderr all=off uptime,level,tags foldmultilines=false

Environment Variables:
JAVA_HOME=C:\Program Files\Java\jdk-21
PATH=C:\Python313\Scripts\;C:\Python313\;c:\Users\rohit\AppData\Local\Programs\cursor\resources\app\bin;C:\Program Files\Google\Chrome\Application;C:\Program Files\Common Files\Oracle\Java\javapath;C:\WINDOWS\system32;C:\WINDOWS;C:\WINDOWS\System32\Wbem;C:\WINDOWS\System32\WindowsPowerShell\v1.0\;C:\WINDOWS\System32\OpenSSH\;C:\Program Files\Java\jdk-21\bin;C:\Users\rohit\AppData\Local\Microsoft\WindowsApps;c:\Users\rohit\AppData\Local\Programs\cursor\resources\app\bin;C:\Program Files\nodejs\;C:\ProgramData\chocolatey\bin;C:\Program Files\Git\cmd;C:\Program Files\Java\jdk-21\bin;C:\Program Files\Java\jdk-24\bin;C:\Users\rohit\AppData\Local\Microsoft\WindowsApps;C:\Users\rohit\AppData\Local\Programs\Microsoft VS Code\bin;C:\Users\rohit\AppData\Local\Programs\cursor\resources\app\bin;C:\Users\rohit\AppData\Roaming\npm
USERNAME=rohit
OS=Windows_NT
PROCESSOR_IDENTIFIER=Intel64 Family 6 Model 154 Stepping 4, GenuineIntel
TMP=C:\Users\rohit\AppData\Local\Temp
TEMP=C:\Users\rohit\AppData\Local\Temp




Periodic native trim disabled

---------------  S Y S T E M  ---------------

OS:
 Windows 11 , 64 bit Build 26100 (10.0.26100.6725)
OS uptime: 6 days 4:10 hours
Hyper-V role detected

CPU: total 12 (initial active 12) (6 cores per cpu, 2 threads per core) family 6 model 154 stepping 4 microcode 0x42c, cx8, cmov, fxsr, ht, mmx, 3dnowpref, sse, sse2, sse3, ssse3, sse4.1, sse4.2, popcnt, lzcnt, tsc, tscinvbit, avx, avx2, aes, erms, clmul, bmi1, bmi2, adx, sha, fma, vzeroupper, clflush, clflushopt, clwb, hv, serialize, rdtscp, rdpid, fsrm, gfni, f16c, cet_ibt, cet_ss
Processor Information for processor 0
  Max Mhz: 1300, Current Mhz: 1300, Mhz Limit: 1300
Processor Information for processor 1
  Max Mhz: 1300, Current Mhz: 1300, Mhz Limit: 1300
Processor Information for processor 2
  Max Mhz: 1300, Current Mhz: 1300, Mhz Limit: 1300
Processor Information for processor 3
  Max Mhz: 1300, Current Mhz: 1300, Mhz Limit: 1300
Processor Information for processor 4
  Max Mhz: 1300, Current Mhz: 900, Mhz Limit: 897
Processor Information for processor 5
  Max Mhz: 1300, Current Mhz: 900, Mhz Limit: 897
Processor Information for processor 6
  Max Mhz: 1300, Current Mhz: 900, Mhz Limit: 897
Processor Information for processor 7
  Max Mhz: 1300, Current Mhz: 900, Mhz Limit: 897
Processor Information for processor 8
  Max Mhz: 1300, Current Mhz: 900, Mhz Limit: 897
Processor Information for processor 9
  Max Mhz: 1300, Current Mhz: 900, Mhz Limit: 897
Processor Information for processor 10
  Max Mhz: 1300, Current Mhz: 900, Mhz Limit: 897
Processor Information for processor 11
  Max Mhz: 1300, Current Mhz: 900, Mhz Limit: 897

Memory: 4k page, system-wide physical 7860M (524M free)
TotalPageFile size 32436M (AvailPageFile size 103M)
current process WorkingSet (physical memory assigned to process): 13M, peak: 13M
current process commit charge ("private bytes"): 65M, peak: 188M

vm_info: OpenJDK 64-Bit Server VM (24.0.1+9) for windows-amd64 JRE (24.0.1+9) (Zulu24.30+11-CA), built on 2025-03-21T13:52:34Z with MS VC++ 17.1 (VS2022)

END.
