#
# There is insufficient memory for the Java Runtime Environment to continue.
# Native memory allocation (malloc) failed to allocate 4056016 bytes. Error detail: Chunk::new
# Possible reasons:
#   The system is out of physical RAM or swap space
#   This process is running with CompressedOops enabled, and the Java Heap may be blocking the growth of the native heap
# Possible solutions:
#   Reduce memory load on the system
#   Increase physical memory or swap space
#   Check if swap backing store is full
#   Decrease Java heap size (-Xmx/-Xms)
#   Decrease number of Java threads
#   Decrease Java thread stack sizes (-Xss)
#   Set larger code cache with -XX:ReservedCodeCacheSize=
#   JVM is running with Unscaled Compressed Oops mode in which the Java heap is
#     placed in the first 4GB address space. The Java Heap base address is the
#     maximum limit for the native heap growth. Please use -XX:HeapBaseMinAddress
#     to set the Java Heap base and to place the Java Heap above 4GB virtual address.
# This output file may be truncated or incomplete.
#
#  Out of Memory Error (arena.cpp:162), pid=34112, tid=13784
#
# JRE version: OpenJDK Runtime Environment Zulu24.30+11-CA (24.0.1+9) (build 24.0.1+9)
# Java VM: OpenJDK 64-Bit Server VM Zulu24.30+11-CA (24.0.1+9, mixed mode, sharing, tiered, compressed oops, compressed class ptrs, g1 gc, windows-amd64)
# No core dump will be written. Minidumps are not enabled by default on client versions of Windows
#

---------------  S U M M A R Y ------------

Command Line: -Dfile.encoding=UTF-8 --module-path=C:\Users\rohit\OneDrive\Documents\NetBeansProjects\NextGen Digital Banking Suite\build\classes nextgen.digital.banking.suite.Login

Host: 12th Gen Intel(R) Core(TM) i5-1235U, 12 cores, 7G,  Windows 11 , 64 bit Build 26100 (10.0.26100.6725)
Time: Tue Nov  4 12:22:38 2025 India Standard Time elapsed time: 0.610096 seconds (0d 0h 0m 0s)

---------------  T H R E A D  ---------------

Current thread (0x0000022353e46f30):  JavaThread "C2 CompilerThread0" daemon [_thread_in_native, id=13784, stack(0x0000002752b00000,0x0000002752c00000) (1024K)]


Current CompileTask:
C2:610 1289   !   4       sun.font.TrueTypeFont::getTableBuffer (208 bytes)

Stack: [0x0000002752b00000,0x0000002752c00000]
Native frames: (J=compiled Java code, j=interpreted, Vv=VM code, C=native code)
V  [jvm.dll+0x7410c9]  (no source info available)
V  [jvm.dll+0x97def3]  (no source info available)
V  [jvm.dll+0x98021d]  (no source info available)
V  [jvm.dll+0x980893]  (no source info available)
V  [jvm.dll+0x2b5b16]  (no source info available)
V  [jvm.dll+0xd019f]  (no source info available)
V  [jvm.dll+0xd03ff]  (no source info available)
V  [jvm.dll+0x15b8bf]  (no source info available)
V  [jvm.dll+0x74698f]  (no source info available)
V  [jvm.dll+0x27a528]  (no source info available)
V  [jvm.dll+0x279641]  (no source info available)
V  [jvm.dll+0x1f313a]  (no source info available)
V  [jvm.dll+0x288e35]  (no source info available)
V  [jvm.dll+0x2870ca]  (no source info available)
V  [jvm.dll+0x43df56]  (no source info available)
V  [jvm.dll+0x920928]  (no source info available)
V  [jvm.dll+0x73f855]  (no source info available)
C  [ucrtbase.dll+0x37b0]  (no source info available)
C  [KERNEL32.DLL+0x2e8d7]  (no source info available)
C  [ntdll.dll+0x8c53c]  (no source info available)

Lock stack of current Java thread (top to bottom):


---------------  P R O C E S S  ---------------

Threads class SMR info:
_java_thread_list=0x0000022399985ef0, length=17, elements={
0x0000022353e123a0, 0x0000022353e12ae0, 0x0000022353e13610, 0x0000022353e17830,
0x0000022353e18360, 0x0000022353e1aeb0, 0x0000022353e46f30, 0x0000022353e496d0,
0x000002239909a740, 0x0000022399172160, 0x0000022399272250, 0x00000223993fe5b0,
0x0000022399475520, 0x0000022399837080, 0x000002239939c1c0, 0x000002233457ed50,
0x0000022399b73110
}

Java Threads: ( => current thread )
  0x0000022353e123a0 JavaThread "Reference Handler"          daemon [_thread_blocked, id=12920, stack(0x0000002752500000,0x0000002752600000) (1024K)]
  0x0000022353e12ae0 JavaThread "Finalizer"                  daemon [_thread_blocked, id=34380, stack(0x0000002752600000,0x0000002752700000) (1024K)]
  0x0000022353e13610 JavaThread "Signal Dispatcher"          daemon [_thread_blocked, id=22440, stack(0x0000002752700000,0x0000002752800000) (1024K)]
  0x0000022353e17830 JavaThread "Attach Listener"            daemon [_thread_blocked, id=6800, stack(0x0000002752800000,0x0000002752900000) (1024K)]
  0x0000022353e18360 JavaThread "Service Thread"             daemon [_thread_blocked, id=17236, stack(0x0000002752900000,0x0000002752a00000) (1024K)]
  0x0000022353e1aeb0 JavaThread "Monitor Deflation Thread"   daemon [_thread_blocked, id=34132, stack(0x0000002752a00000,0x0000002752b00000) (1024K)]
=>0x0000022353e46f30 JavaThread "C2 CompilerThread0"         daemon [_thread_in_native, id=13784, stack(0x0000002752b00000,0x0000002752c00000) (1024K)]
  0x0000022353e496d0 JavaThread "C1 CompilerThread0"         daemon [_thread_blocked, id=15920, stack(0x0000002752c00000,0x0000002752d00000) (1024K)]
  0x000002239909a740 JavaThread "Common-Cleaner"             daemon [_thread_blocked, id=33296, stack(0x0000002752d00000,0x0000002752e00000) (1024K)]
  0x0000022399172160 JavaThread "Notification Thread"        daemon [_thread_blocked, id=34172, stack(0x0000002752e00000,0x0000002752f00000) (1024K)]
  0x0000022399272250 JavaThread "Java2D Disposer"            daemon [_thread_blocked, id=29340, stack(0x0000002752f00000,0x0000002753000000) (1024K)]
  0x00000223993fe5b0 JavaThread "AWT-Shutdown"                      [_thread_blocked, id=15676, stack(0x0000002753000000,0x0000002753100000) (1024K)]
  0x0000022399475520 JavaThread "AWT-Windows"                daemon [_thread_in_native, id=19536, stack(0x0000002753100000,0x0000002753200000) (1024K)]
  0x0000022399837080 JavaThread "Image Fetcher 0"            daemon [_thread_blocked, id=20980, stack(0x0000002753200000,0x0000002753300000) (1024K)]
  0x000002239939c1c0 JavaThread "AWT-EventQueue-0"                  [_thread_blocked, id=25624, stack(0x0000002753300000,0x0000002753400000) (1024K)]
  0x000002233457ed50 JavaThread "DestroyJavaVM"                     [_thread_blocked, id=23792, stack(0x0000002751d00000,0x0000002751e00000) (1024K)]
  0x0000022399b73110 JavaThread "TimerQueue"                 daemon [_thread_blocked, id=34236, stack(0x0000002753700000,0x0000002753800000) (1024K)]
Total: 17

Other Threads:
  0x0000022353e02130 VMThread "VM Thread"                           [id=14212, stack(0x0000002752400000,0x0000002752500000) (1024K)]
  0x0000022353df0d90 WatcherThread "VM Periodic Task Thread"        [id=34376, stack(0x0000002752300000,0x0000002752400000) (1024K)]
  0x0000022336b3d9d0 WorkerThread "GC Thread#0"                     [id=30360, stack(0x0000002751e00000,0x0000002751f00000) (1024K)]
  0x0000022336b51d50 ConcurrentGCThread "G1 Main Marker"            [id=34448, stack(0x0000002751f00000,0x0000002752000000) (1024K)]
  0x0000022336b53750 WorkerThread "G1 Conc#0"                       [id=34076, stack(0x0000002752000000,0x0000002752100000) (1024K)]
  0x0000022353cbf950 ConcurrentGCThread "G1 Refine#0"               [id=34072, stack(0x0000002752100000,0x0000002752200000) (1024K)]
  0x0000022353cc03e0 ConcurrentGCThread "G1 Service"                [id=14544, stack(0x0000002752200000,0x0000002752300000) (1024K)]
Total: 7

Threads with active compile tasks:
C2 CompilerThread0  653 1289   !   4       sun.font.TrueTypeFont::getTableBuffer (208 bytes)
Total: 1

VM state: not at safepoint (normal execution)

VM Mutex/Monitor currently owned by a thread: None

Heap address: 0x0000000085200000, size: 1966 MB, Compressed Oops mode: 32-bit

CDS archive(s) mapped at: [0x0000022354000000-0x0000022354d40000-0x0000022354d40000), size 13893632, SharedBaseAddress: 0x0000022354000000, ArchiveRelocationMode: 1.
Compressed class space mapped at: 0x0000022355000000-0x0000022395000000, reserved size: 1073741824
UseCompressedClassPointers 1, UseCompactObjectHeaders 0
Narrow klass pointer bits 32, Max shift 3
Narrow klass base: 0x0000022354000000, Narrow klass shift: 0
Encoding Range: [0x0000022354000000 - 0x0000022454000000), (4294967296 bytes)
Klass Range:    [0x0000022354000000 - 0x0000022395000000), (1090519040 bytes)
Klass ID Range:  [8 - 1090519033) (1090519025)

GC Precious Log:
 CardTable entry size: 512
 Card Set container configuration: InlinePtr #cards 5 size 8 Array Of Cards #cards 10 size 36 Howl #buckets 4 coarsen threshold 1843 Howl Bitmap #cards 512 size 80 coarsen threshold 460 Card regions per heap region 1 cards per card region 2048
 CPUs: 12 total, 12 available
 Memory: 7860M
 Large Page Support: Disabled
 NUMA Support: Disabled
 Compressed Oops: Enabled (32-bit)
 Heap Region Size: 1M
 Heap Min Capacity: 8M
 Heap Initial Capacity: 124M
 Heap Max Capacity: 1966M
 Pre-touch: Disabled
 Parallel Workers: 10
 Concurrent Workers: 3
 Concurrent Refinement Workers: 10
 Periodic GC: Disabled

Heap:
 garbage-first heap   total reserved 2013184K, committed 129024K, used 27760K [0x0000000085200000, 0x0000000100000000)
  region size 1024K, 24 young (24576K), 0 survivors (0K)
 Metaspace       used 8678K, committed 8832K, reserved 1114112K
  class space    used 741K, committed 832K, reserved 1048576K

Heap Regions: E=young(eden), S=young(survivor), O=old, HS=humongous(starts), HC=humongous(continues), CS=collection set, F=free, TAMS=top-at-mark-start, PB=parsable bottom
|   0|0x0000000085200000, 0x0000000085300000, 0x0000000085300000|100%|HS|  |TAMS 0x0000000085200000| PB 0x0000000085200000| Complete |  0
|   1|0x0000000085300000, 0x0000000085400000, 0x0000000085400000|100%|HC|  |TAMS 0x0000000085300000| PB 0x0000000085300000| Complete |  0
|   2|0x0000000085400000, 0x0000000085500000, 0x0000000085500000|100%|HC|  |TAMS 0x0000000085400000| PB 0x0000000085400000| Complete |  0
|   3|0x0000000085500000, 0x0000000085500000, 0x0000000085600000|  0%| F|  |TAMS 0x0000000085500000| PB 0x0000000085500000| Untracked |  0
|   4|0x0000000085600000, 0x0000000085600000, 0x0000000085700000|  0%| F|  |TAMS 0x0000000085600000| PB 0x0000000085600000| Untracked |  0
|   5|0x0000000085700000, 0x0000000085700000, 0x0000000085800000|  0%| F|  |TAMS 0x0000000085700000| PB 0x0000000085700000| Untracked |  0
|   6|0x0000000085800000, 0x0000000085800000, 0x0000000085900000|  0%| F|  |TAMS 0x0000000085800000| PB 0x0000000085800000| Untracked |  0
|   7|0x0000000085900000, 0x0000000085900000, 0x0000000085a00000|  0%| F|  |TAMS 0x0000000085900000| PB 0x0000000085900000| Untracked |  0
|   8|0x0000000085a00000, 0x0000000085a00000, 0x0000000085b00000|  0%| F|  |TAMS 0x0000000085a00000| PB 0x0000000085a00000| Untracked |  0
|   9|0x0000000085b00000, 0x0000000085b00000, 0x0000000085c00000|  0%| F|  |TAMS 0x0000000085b00000| PB 0x0000000085b00000| Untracked |  0
|  10|0x0000000085c00000, 0x0000000085c00000, 0x0000000085d00000|  0%| F|  |TAMS 0x0000000085c00000| PB 0x0000000085c00000| Untracked |  0
|  11|0x0000000085d00000, 0x0000000085d00000, 0x0000000085e00000|  0%| F|  |TAMS 0x0000000085d00000| PB 0x0000000085d00000| Untracked |  0
|  12|0x0000000085e00000, 0x0000000085e00000, 0x0000000085f00000|  0%| F|  |TAMS 0x0000000085e00000| PB 0x0000000085e00000| Untracked |  0
|  13|0x0000000085f00000, 0x0000000085f00000, 0x0000000086000000|  0%| F|  |TAMS 0x0000000085f00000| PB 0x0000000085f00000| Untracked |  0
|  14|0x0000000086000000, 0x0000000086000000, 0x0000000086100000|  0%| F|  |TAMS 0x0000000086000000| PB 0x0000000086000000| Untracked |  0
|  15|0x0000000086100000, 0x0000000086100000, 0x0000000086200000|  0%| F|  |TAMS 0x0000000086100000| PB 0x0000000086100000| Untracked |  0
|  16|0x0000000086200000, 0x0000000086200000, 0x0000000086300000|  0%| F|  |TAMS 0x0000000086200000| PB 0x0000000086200000| Untracked |  0
|  17|0x0000000086300000, 0x0000000086300000, 0x0000000086400000|  0%| F|  |TAMS 0x0000000086300000| PB 0x0000000086300000| Untracked |  0
|  18|0x0000000086400000, 0x0000000086400000, 0x0000000086500000|  0%| F|  |TAMS 0x0000000086400000| PB 0x0000000086400000| Untracked |  0
|  19|0x0000000086500000, 0x0000000086500000, 0x0000000086600000|  0%| F|  |TAMS 0x0000000086500000| PB 0x0000000086500000| Untracked |  0
|  20|0x0000000086600000, 0x0000000086600000, 0x0000000086700000|  0%| F|  |TAMS 0x0000000086600000| PB 0x0000000086600000| Untracked |  0
|  21|0x0000000086700000, 0x0000000086700000, 0x0000000086800000|  0%| F|  |TAMS 0x0000000086700000| PB 0x0000000086700000| Untracked |  0
|  22|0x0000000086800000, 0x0000000086800000, 0x0000000086900000|  0%| F|  |TAMS 0x0000000086800000| PB 0x0000000086800000| Untracked |  0
|  23|0x0000000086900000, 0x0000000086900000, 0x0000000086a00000|  0%| F|  |TAMS 0x0000000086900000| PB 0x0000000086900000| Untracked |  0
|  24|0x0000000086a00000, 0x0000000086a00000, 0x0000000086b00000|  0%| F|  |TAMS 0x0000000086a00000| PB 0x0000000086a00000| Untracked |  0
|  25|0x0000000086b00000, 0x0000000086b00000, 0x0000000086c00000|  0%| F|  |TAMS 0x0000000086b00000| PB 0x0000000086b00000| Untracked |  0
|  26|0x0000000086c00000, 0x0000000086c00000, 0x0000000086d00000|  0%| F|  |TAMS 0x0000000086c00000| PB 0x0000000086c00000| Untracked |  0
|  27|0x0000000086d00000, 0x0000000086d00000, 0x0000000086e00000|  0%| F|  |TAMS 0x0000000086d00000| PB 0x0000000086d00000| Untracked |  0
|  28|0x0000000086e00000, 0x0000000086e00000, 0x0000000086f00000|  0%| F|  |TAMS 0x0000000086e00000| PB 0x0000000086e00000| Untracked |  0
|  29|0x0000000086f00000, 0x0000000086f00000, 0x0000000087000000|  0%| F|  |TAMS 0x0000000086f00000| PB 0x0000000086f00000| Untracked |  0
|  30|0x0000000087000000, 0x0000000087000000, 0x0000000087100000|  0%| F|  |TAMS 0x0000000087000000| PB 0x0000000087000000| Untracked |  0
|  31|0x0000000087100000, 0x0000000087100000, 0x0000000087200000|  0%| F|  |TAMS 0x0000000087100000| PB 0x0000000087100000| Untracked |  0
|  32|0x0000000087200000, 0x0000000087200000, 0x0000000087300000|  0%| F|  |TAMS 0x0000000087200000| PB 0x0000000087200000| Untracked |  0
|  33|0x0000000087300000, 0x0000000087300000, 0x0000000087400000|  0%| F|  |TAMS 0x0000000087300000| PB 0x0000000087300000| Untracked |  0
|  34|0x0000000087400000, 0x0000000087400000, 0x0000000087500000|  0%| F|  |TAMS 0x0000000087400000| PB 0x0000000087400000| Untracked |  0
|  35|0x0000000087500000, 0x0000000087500000, 0x0000000087600000|  0%| F|  |TAMS 0x0000000087500000| PB 0x0000000087500000| Untracked |  0
|  36|0x0000000087600000, 0x0000000087600000, 0x0000000087700000|  0%| F|  |TAMS 0x0000000087600000| PB 0x0000000087600000| Untracked |  0
|  37|0x0000000087700000, 0x0000000087700000, 0x0000000087800000|  0%| F|  |TAMS 0x0000000087700000| PB 0x0000000087700000| Untracked |  0
|  38|0x0000000087800000, 0x0000000087800000, 0x0000000087900000|  0%| F|  |TAMS 0x0000000087800000| PB 0x0000000087800000| Untracked |  0
|  39|0x0000000087900000, 0x0000000087900000, 0x0000000087a00000|  0%| F|  |TAMS 0x0000000087900000| PB 0x0000000087900000| Untracked |  0
|  40|0x0000000087a00000, 0x0000000087a00000, 0x0000000087b00000|  0%| F|  |TAMS 0x0000000087a00000| PB 0x0000000087a00000| Untracked |  0
|  41|0x0000000087b00000, 0x0000000087b00000, 0x0000000087c00000|  0%| F|  |TAMS 0x0000000087b00000| PB 0x0000000087b00000| Untracked |  0
|  42|0x0000000087c00000, 0x0000000087c00000, 0x0000000087d00000|  0%| F|  |TAMS 0x0000000087c00000| PB 0x0000000087c00000| Untracked |  0
|  43|0x0000000087d00000, 0x0000000087d00000, 0x0000000087e00000|  0%| F|  |TAMS 0x0000000087d00000| PB 0x0000000087d00000| Untracked |  0
|  44|0x0000000087e00000, 0x0000000087e00000, 0x0000000087f00000|  0%| F|  |TAMS 0x0000000087e00000| PB 0x0000000087e00000| Untracked |  0
|  45|0x0000000087f00000, 0x0000000087f00000, 0x0000000088000000|  0%| F|  |TAMS 0x0000000087f00000| PB 0x0000000087f00000| Untracked |  0
|  46|0x0000000088000000, 0x0000000088000000, 0x0000000088100000|  0%| F|  |TAMS 0x0000000088000000| PB 0x0000000088000000| Untracked |  0
|  47|0x0000000088100000, 0x0000000088100000, 0x0000000088200000|  0%| F|  |TAMS 0x0000000088100000| PB 0x0000000088100000| Untracked |  0
|  48|0x0000000088200000, 0x0000000088200000, 0x0000000088300000|  0%| F|  |TAMS 0x0000000088200000| PB 0x0000000088200000| Untracked |  0
|  49|0x0000000088300000, 0x0000000088300000, 0x0000000088400000|  0%| F|  |TAMS 0x0000000088300000| PB 0x0000000088300000| Untracked |  0
|  50|0x0000000088400000, 0x0000000088400000, 0x0000000088500000|  0%| F|  |TAMS 0x0000000088400000| PB 0x0000000088400000| Untracked |  0
|  51|0x0000000088500000, 0x0000000088500000, 0x0000000088600000|  0%| F|  |TAMS 0x0000000088500000| PB 0x0000000088500000| Untracked |  0
|  52|0x0000000088600000, 0x0000000088600000, 0x0000000088700000|  0%| F|  |TAMS 0x0000000088600000| PB 0x0000000088600000| Untracked |  0
|  53|0x0000000088700000, 0x0000000088700000, 0x0000000088800000|  0%| F|  |TAMS 0x0000000088700000| PB 0x0000000088700000| Untracked |  0
|  54|0x0000000088800000, 0x0000000088800000, 0x0000000088900000|  0%| F|  |TAMS 0x0000000088800000| PB 0x0000000088800000| Untracked |  0
|  55|0x0000000088900000, 0x0000000088900000, 0x0000000088a00000|  0%| F|  |TAMS 0x0000000088900000| PB 0x0000000088900000| Untracked |  0
|  56|0x0000000088a00000, 0x0000000088a00000, 0x0000000088b00000|  0%| F|  |TAMS 0x0000000088a00000| PB 0x0000000088a00000| Untracked |  0
|  57|0x0000000088b00000, 0x0000000088b00000, 0x0000000088c00000|  0%| F|  |TAMS 0x0000000088b00000| PB 0x0000000088b00000| Untracked |  0
|  58|0x0000000088c00000, 0x0000000088c00000, 0x0000000088d00000|  0%| F|  |TAMS 0x0000000088c00000| PB 0x0000000088c00000| Untracked |  0
|  59|0x0000000088d00000, 0x0000000088d00000, 0x0000000088e00000|  0%| F|  |TAMS 0x0000000088d00000| PB 0x0000000088d00000| Untracked |  0
|  60|0x0000000088e00000, 0x0000000088e00000, 0x0000000088f00000|  0%| F|  |TAMS 0x0000000088e00000| PB 0x0000000088e00000| Untracked |  0
|  61|0x0000000088f00000, 0x0000000088f00000, 0x0000000089000000|  0%| F|  |TAMS 0x0000000088f00000| PB 0x0000000088f00000| Untracked |  0
|  62|0x0000000089000000, 0x0000000089000000, 0x0000000089100000|  0%| F|  |TAMS 0x0000000089000000| PB 0x0000000089000000| Untracked |  0
|  63|0x0000000089100000, 0x0000000089100000, 0x0000000089200000|  0%| F|  |TAMS 0x0000000089100000| PB 0x0000000089100000| Untracked |  0
|  64|0x0000000089200000, 0x0000000089200000, 0x0000000089300000|  0%| F|  |TAMS 0x0000000089200000| PB 0x0000000089200000| Untracked |  0
|  65|0x0000000089300000, 0x0000000089300000, 0x0000000089400000|  0%| F|  |TAMS 0x0000000089300000| PB 0x0000000089300000| Untracked |  0
|  66|0x0000000089400000, 0x0000000089400000, 0x0000000089500000|  0%| F|  |TAMS 0x0000000089400000| PB 0x0000000089400000| Untracked |  0
|  67|0x0000000089500000, 0x0000000089500000, 0x0000000089600000|  0%| F|  |TAMS 0x0000000089500000| PB 0x0000000089500000| Untracked |  0
|  68|0x0000000089600000, 0x0000000089600000, 0x0000000089700000|  0%| F|  |TAMS 0x0000000089600000| PB 0x0000000089600000| Untracked |  0
|  69|0x0000000089700000, 0x0000000089700000, 0x0000000089800000|  0%| F|  |TAMS 0x0000000089700000| PB 0x0000000089700000| Untracked |  0
|  70|0x0000000089800000, 0x0000000089800000, 0x0000000089900000|  0%| F|  |TAMS 0x0000000089800000| PB 0x0000000089800000| Untracked |  0
|  71|0x0000000089900000, 0x0000000089900000, 0x0000000089a00000|  0%| F|  |TAMS 0x0000000089900000| PB 0x0000000089900000| Untracked |  0
|  72|0x0000000089a00000, 0x0000000089a00000, 0x0000000089b00000|  0%| F|  |TAMS 0x0000000089a00000| PB 0x0000000089a00000| Untracked |  0
|  73|0x0000000089b00000, 0x0000000089b00000, 0x0000000089c00000|  0%| F|  |TAMS 0x0000000089b00000| PB 0x0000000089b00000| Untracked |  0
|  74|0x0000000089c00000, 0x0000000089c00000, 0x0000000089d00000|  0%| F|  |TAMS 0x0000000089c00000| PB 0x0000000089c00000| Untracked |  0
|  75|0x0000000089d00000, 0x0000000089d00000, 0x0000000089e00000|  0%| F|  |TAMS 0x0000000089d00000| PB 0x0000000089d00000| Untracked |  0
|  76|0x0000000089e00000, 0x0000000089e00000, 0x0000000089f00000|  0%| F|  |TAMS 0x0000000089e00000| PB 0x0000000089e00000| Untracked |  0
|  77|0x0000000089f00000, 0x0000000089f00000, 0x000000008a000000|  0%| F|  |TAMS 0x0000000089f00000| PB 0x0000000089f00000| Untracked |  0
|  78|0x000000008a000000, 0x000000008a000000, 0x000000008a100000|  0%| F|  |TAMS 0x000000008a000000| PB 0x000000008a000000| Untracked |  0
|  79|0x000000008a100000, 0x000000008a100000, 0x000000008a200000|  0%| F|  |TAMS 0x000000008a100000| PB 0x000000008a100000| Untracked |  0
|  80|0x000000008a200000, 0x000000008a200000, 0x000000008a300000|  0%| F|  |TAMS 0x000000008a200000| PB 0x000000008a200000| Untracked |  0
|  81|0x000000008a300000, 0x000000008a300000, 0x000000008a400000|  0%| F|  |TAMS 0x000000008a300000| PB 0x000000008a300000| Untracked |  0
|  82|0x000000008a400000, 0x000000008a400000, 0x000000008a500000|  0%| F|  |TAMS 0x000000008a400000| PB 0x000000008a400000| Untracked |  0
|  83|0x000000008a500000, 0x000000008a500000, 0x000000008a600000|  0%| F|  |TAMS 0x000000008a500000| PB 0x000000008a500000| Untracked |  0
|  84|0x000000008a600000, 0x000000008a600000, 0x000000008a700000|  0%| F|  |TAMS 0x000000008a600000| PB 0x000000008a600000| Untracked |  0
|  85|0x000000008a700000, 0x000000008a700000, 0x000000008a800000|  0%| F|  |TAMS 0x000000008a700000| PB 0x000000008a700000| Untracked |  0
|  86|0x000000008a800000, 0x000000008a800000, 0x000000008a900000|  0%| F|  |TAMS 0x000000008a800000| PB 0x000000008a800000| Untracked |  0
|  87|0x000000008a900000, 0x000000008a900000, 0x000000008aa00000|  0%| F|  |TAMS 0x000000008a900000| PB 0x000000008a900000| Untracked |  0
|  88|0x000000008aa00000, 0x000000008aa00000, 0x000000008ab00000|  0%| F|  |TAMS 0x000000008aa00000| PB 0x000000008aa00000| Untracked |  0
|  89|0x000000008ab00000, 0x000000008ab00000, 0x000000008ac00000|  0%| F|  |TAMS 0x000000008ab00000| PB 0x000000008ab00000| Untracked |  0
|  90|0x000000008ac00000, 0x000000008ac00000, 0x000000008ad00000|  0%| F|  |TAMS 0x000000008ac00000| PB 0x000000008ac00000| Untracked |  0
|  91|0x000000008ad00000, 0x000000008ad00000, 0x000000008ae00000|  0%| F|  |TAMS 0x000000008ad00000| PB 0x000000008ad00000| Untracked |  0
|  92|0x000000008ae00000, 0x000000008ae00000, 0x000000008af00000|  0%| F|  |TAMS 0x000000008ae00000| PB 0x000000008ae00000| Untracked |  0
|  93|0x000000008af00000, 0x000000008af00000, 0x000000008b000000|  0%| F|  |TAMS 0x000000008af00000| PB 0x000000008af00000| Untracked |  0
|  94|0x000000008b000000, 0x000000008b000000, 0x000000008b100000|  0%| F|  |TAMS 0x000000008b000000| PB 0x000000008b000000| Untracked |  0
|  95|0x000000008b100000, 0x000000008b100000, 0x000000008b200000|  0%| F|  |TAMS 0x000000008b100000| PB 0x000000008b100000| Untracked |  0
|  96|0x000000008b200000, 0x000000008b200000, 0x000000008b300000|  0%| F|  |TAMS 0x000000008b200000| PB 0x000000008b200000| Untracked |  0
|  97|0x000000008b300000, 0x000000008b300000, 0x000000008b400000|  0%| F|  |TAMS 0x000000008b300000| PB 0x000000008b300000| Untracked |  0
|  98|0x000000008b400000, 0x000000008b400000, 0x000000008b500000|  0%| F|  |TAMS 0x000000008b400000| PB 0x000000008b400000| Untracked |  0
|  99|0x000000008b500000, 0x000000008b500000, 0x000000008b600000|  0%| F|  |TAMS 0x000000008b500000| PB 0x000000008b500000| Untracked |  0
| 100|0x000000008b600000, 0x000000008b680000, 0x000000008b700000| 50%| E|  |TAMS 0x000000008b600000| PB 0x000000008b600000| Complete |  0
| 101|0x000000008b700000, 0x000000008b800000, 0x000000008b800000|100%| E|CS|TAMS 0x000000008b700000| PB 0x000000008b700000| Complete |  0
| 102|0x000000008b800000, 0x000000008b900000, 0x000000008b900000|100%| E|CS|TAMS 0x000000008b800000| PB 0x000000008b800000| Complete |  0
| 103|0x000000008b900000, 0x000000008ba00000, 0x000000008ba00000|100%| E|CS|TAMS 0x000000008b900000| PB 0x000000008b900000| Complete |  0
| 104|0x000000008ba00000, 0x000000008bb00000, 0x000000008bb00000|100%| E|CS|TAMS 0x000000008ba00000| PB 0x000000008ba00000| Complete |  0
| 105|0x000000008bb00000, 0x000000008bc00000, 0x000000008bc00000|100%| E|CS|TAMS 0x000000008bb00000| PB 0x000000008bb00000| Complete |  0
| 106|0x000000008bc00000, 0x000000008bd00000, 0x000000008bd00000|100%| E|CS|TAMS 0x000000008bc00000| PB 0x000000008bc00000| Complete |  0
| 107|0x000000008bd00000, 0x000000008be00000, 0x000000008be00000|100%| E|CS|TAMS 0x000000008bd00000| PB 0x000000008bd00000| Complete |  0
| 108|0x000000008be00000, 0x000000008bf00000, 0x000000008bf00000|100%| E|CS|TAMS 0x000000008be00000| PB 0x000000008be00000| Complete |  0
| 109|0x000000008bf00000, 0x000000008c000000, 0x000000008c000000|100%| E|CS|TAMS 0x000000008bf00000| PB 0x000000008bf00000| Complete |  0
| 110|0x000000008c000000, 0x000000008c100000, 0x000000008c100000|100%| E|CS|TAMS 0x000000008c000000| PB 0x000000008c000000| Complete |  0
| 111|0x000000008c100000, 0x000000008c200000, 0x000000008c200000|100%| E|CS|TAMS 0x000000008c100000| PB 0x000000008c100000| Complete |  0
| 112|0x000000008c200000, 0x000000008c300000, 0x000000008c300000|100%| E|CS|TAMS 0x000000008c200000| PB 0x000000008c200000| Complete |  0
| 113|0x000000008c300000, 0x000000008c400000, 0x000000008c400000|100%| E|CS|TAMS 0x000000008c300000| PB 0x000000008c300000| Complete |  0
| 114|0x000000008c400000, 0x000000008c500000, 0x000000008c500000|100%| E|CS|TAMS 0x000000008c400000| PB 0x000000008c400000| Complete |  0
| 115|0x000000008c500000, 0x000000008c600000, 0x000000008c600000|100%| E|CS|TAMS 0x000000008c500000| PB 0x000000008c500000| Complete |  0
| 116|0x000000008c600000, 0x000000008c700000, 0x000000008c700000|100%| E|CS|TAMS 0x000000008c600000| PB 0x000000008c600000| Complete |  0
| 117|0x000000008c700000, 0x000000008c800000, 0x000000008c800000|100%| E|CS|TAMS 0x000000008c700000| PB 0x000000008c700000| Complete |  0
| 118|0x000000008c800000, 0x000000008c900000, 0x000000008c900000|100%| E|CS|TAMS 0x000000008c800000| PB 0x000000008c800000| Complete |  0
| 119|0x000000008c900000, 0x000000008ca00000, 0x000000008ca00000|100%| E|CS|TAMS 0x000000008c900000| PB 0x000000008c900000| Complete |  0
| 120|0x000000008ca00000, 0x000000008cb00000, 0x000000008cb00000|100%| E|CS|TAMS 0x000000008ca00000| PB 0x000000008ca00000| Complete |  0
| 121|0x000000008cb00000, 0x000000008cc00000, 0x000000008cc00000|100%| E|CS|TAMS 0x000000008cb00000| PB 0x000000008cb00000| Complete |  0
| 122|0x000000008cc00000, 0x000000008cd00000, 0x000000008cd00000|100%| E|CS|TAMS 0x000000008cc00000| PB 0x000000008cc00000| Complete |  0
| 123|0x000000008cd00000, 0x000000008ce00000, 0x000000008ce00000|100%| E|CS|TAMS 0x000000008cd00000| PB 0x000000008cd00000| Complete |  0
|1964|0x00000000ffe00000, 0x00000000fff00000, 0x00000000fff00000|100%| O|  |TAMS 0x00000000ffe00000| PB 0x00000000ffe00000| Untracked |  0
|1965|0x00000000fff00000, 0x00000000fff1c2f8, 0x0000000100000000| 11%| O|  |TAMS 0x00000000fff00000| PB 0x00000000fff00000| Untracked |  0

Card table byte_map: [0x000002234ef20000,0x000002234f300000] _byte_map_base: 0x000002234eaf7000

Marking Bits: (CMBitMap*) 0x0000022336b3e0e0
 Bits: [0x000002234f300000, 0x00000223511b8000)

Polling page: 0x00000223348d0000

Metaspace:

Usage:
  Non-class:      7.75 MB used.
      Class:    741.03 KB used.
       Both:      8.48 MB used.

Virtual space:
  Non-class space:       64.00 MB reserved,       7.81 MB ( 12%) committed,  1 nodes.
      Class space:        1.00 GB reserved,     832.00 KB ( <1%) committed,  1 nodes.
             Both:        1.06 GB reserved,       8.62 MB ( <1%) committed. 

Chunk freelists:
   Non-Class:  8.19 MB
       Class:  15.22 MB
        Both:  23.41 MB

MaxMetaspaceSize: unlimited
CompressedClassSpaceSize: 1.00 GB
Initial GC threshold: 21.00 MB
Current GC threshold: 21.00 MB
CDS: on
 - commit_granule_bytes: 65536.
 - commit_granule_words: 8192.
 - virtual_space_node_default_size: 8388608.
 - enlarge_chunks_in_place: 1.
UseCompressedClassPointers 1, UseCompactObjectHeaders 0
Narrow klass pointer bits 32, Max shift 3
Narrow klass base: 0x0000022354000000, Narrow klass shift: 0
Encoding Range: [0x0000022354000000 - 0x0000022454000000), (4294967296 bytes)
Klass Range:    [0x0000022354000000 - 0x0000022395000000), (1090519040 bytes)
Klass ID Range:  [8 - 1090519033) (1090519025)


Internal statistics:

num_allocs_failed_limit: 0.
num_arena_births: 122.
num_arena_deaths: 0.
num_vsnodes_births: 2.
num_vsnodes_deaths: 0.
num_space_committed: 138.
num_space_uncommitted: 0.
num_chunks_returned_to_freelist: 0.
num_chunks_taken_from_freelist: 166.
num_chunk_merges: 0.
num_chunk_splits: 94.
num_chunks_enlarged: 36.
num_inconsistent_stats: 0.

CodeHeap 'non-profiled nmethods': size=120064Kb used=336Kb max_used=336Kb free=119727Kb
 bounds [0x00000223470b0000, 0x0000022347320000, 0x000002234e5f0000]
CodeHeap 'profiled nmethods': size=120000Kb used=1963Kb max_used=1963Kb free=118036Kb
 bounds [0x000002233f5f0000, 0x000002233f860000, 0x0000022346b20000]
CodeHeap 'non-nmethods': size=5696Kb used=1483Kb max_used=1505Kb free=4212Kb
 bounds [0x0000022346b20000, 0x0000022346d90000, 0x00000223470b0000]
CodeCache: size=245760Kb, used=3782Kb, max_used=3804Kb, free=241975Kb
 total_blobs=1981, nmethods=1329, adapters=557, full_count=0
Compilation: enabled, stopped_count=0, restarted_count=0

Compilation events (20 events):
Event: 0.592 Thread 0x0000022353e496d0 1309       3       java.util.Arrays::equals (43 bytes)
Event: 0.592 Thread 0x0000022353e496d0 nmethod 1309 0x000002233f7ce788 code [0x000002233f7ce8c0, 0x000002233f7ceb68]
Event: 0.593 Thread 0x0000022353e496d0 1310       1       jdk.internal.foreign.layout.AbstractLayout::byteAlignment (5 bytes)
Event: 0.593 Thread 0x0000022353e496d0 nmethod 1310 0x0000022347102e88 code [0x0000022347102f80, 0x0000022347103048]
Event: 0.596 Thread 0x0000022353e496d0 1312       1       java.util.concurrent.locks.AbstractOwnableSynchronizer::setExclusiveOwnerThread (6 bytes)
Event: 0.596 Thread 0x0000022353e496d0 nmethod 1312 0x0000022347103488 code [0x00000223471035a0, 0x00000223471036b0]
Event: 0.596 Thread 0x0000022353e496d0 1313       3       java.awt.Component::getParent (5 bytes)
Event: 0.596 Thread 0x0000022353e496d0 nmethod 1313 0x000002233f7ceb88 code [0x000002233f7ceca0, 0x000002233f7cee40]
Event: 0.596 Thread 0x0000022353e496d0 1315       3       sun.awt.SunToolkit::isInstanceOf (71 bytes)
Event: 0.597 Thread 0x0000022353e496d0 nmethod 1315 0x000002233f7cee88 code [0x000002233f7cf040, 0x000002233f7cf930]
Event: 0.597 Thread 0x0000022353e496d0 1314       3       java.lang.Class::reflectionData (43 bytes)
Event: 0.597 Thread 0x0000022353e496d0 nmethod 1314 0x000002233f7cf988 code [0x000002233f7cfac0, 0x000002233f7cfe88]
Event: 0.598 Thread 0x0000022353e496d0 1316       3       java.awt.geom.AffineTransform::hash (17 bytes)
Event: 0.598 Thread 0x0000022353e496d0 nmethod 1316 0x000002233f7cff08 code [0x000002233f7d0020, 0x000002233f7d02c8]
Event: 0.598 Thread 0x0000022353e496d0 1317       3       java.lang.Double::doubleToLongBits (16 bytes)
Event: 0.599 Thread 0x0000022353e496d0 nmethod 1317 0x000002233f7d0308 code [0x000002233f7d0420, 0x000002233f7d0648]
Event: 0.599 Thread 0x0000022353e496d0 1318       1       java.awt.Color::getRGB (5 bytes)
Event: 0.599 Thread 0x0000022353e496d0 nmethod 1318 0x0000022347103788 code [0x0000022347103880, 0x0000022347103948]
Event: 0.599 Thread 0x0000022353e496d0 1319       3       java.awt.geom.AffineTransform::equals (26 bytes)
Event: 0.599 Thread 0x0000022353e496d0 nmethod 1319 0x000002233f7d0688 code [0x000002233f7d07c0, 0x000002233f7d0b00]

GC Heap History (0 events):
No events

Dll operation events (10 events):
Event: 0.007 Loaded shared library C:\Program Files\Apache NetBeans\jdk\bin\java.dll
Event: 0.036 Loaded shared library C:\Program Files\Apache NetBeans\jdk\bin\jsvml.dll
Event: 0.053 Loaded shared library C:\Program Files\Apache NetBeans\jdk\bin\net.dll
Event: 0.054 Loaded shared library C:\Program Files\Apache NetBeans\jdk\bin\nio.dll
Event: 0.068 Loaded shared library C:\Program Files\Apache NetBeans\jdk\bin\zip.dll
Event: 0.078 Loaded shared library C:\Program Files\Apache NetBeans\jdk\bin\jimage.dll
Event: 0.084 Loaded shared library C:\Program Files\Apache NetBeans\jdk\bin\awt.dll
Event: 0.219 Loaded shared library C:\Program Files\Apache NetBeans\jdk\bin\javajpeg.dll
Event: 0.268 Loaded shared library C:\Program Files\Apache NetBeans\jdk\bin\freetype.dll
Event: 0.269 Loaded shared library C:\Program Files\Apache NetBeans\jdk\bin\fontmanager.dll

Deoptimization events (20 events):
Event: 0.386 Thread 0x000002239939c1c0 Uncommon trap: trap_request=0xffffff4d fr.pc=0x00000223470f2e64 relative=0x0000000000000064
Event: 0.386 Thread 0x000002239939c1c0 Uncommon trap: reason=unstable_if action=reinterpret pc=0x00000223470f2e64 method=java.lang.CharacterDataLatin1.toLowerCase(I)I @ 16 c2
Event: 0.386 Thread 0x000002239939c1c0 DEOPT PACKING pc=0x00000223470f2e64 sp=0x00000027533fced0
Event: 0.386 Thread 0x000002239939c1c0 DEOPT UNPACKING pc=0x0000022346c39902 sp=0x00000027533fce50 mode 2
Event: 0.398 Thread 0x000002239939c1c0 Uncommon trap: trap_request=0xffffff4d fr.pc=0x00000223470f3564 relative=0x0000000000000424
Event: 0.398 Thread 0x000002239939c1c0 Uncommon trap: reason=unstable_if action=reinterpret pc=0x00000223470f3564 method=java.lang.StringLatin1.toLowerCase(Ljava/lang/String;[BLjava/util/Locale;)Ljava/lang/String; @ 37 c2
Event: 0.398 Thread 0x000002239939c1c0 DEOPT PACKING pc=0x00000223470f3564 sp=0x00000027533fd6b0
Event: 0.398 Thread 0x000002239939c1c0 DEOPT UNPACKING pc=0x0000022346c39902 sp=0x00000027533fd620 mode 2
Event: 0.553 Thread 0x000002239939c1c0 Uncommon trap: trap_request=0xffffff4d fr.pc=0x00000223470bb6b0 relative=0x0000000000000090
Event: 0.553 Thread 0x000002239939c1c0 Uncommon trap: reason=unstable_if action=reinterpret pc=0x00000223470bb6b0 method=java.lang.String.isLatin1()Z @ 10 c2
Event: 0.554 Thread 0x000002239939c1c0 DEOPT PACKING pc=0x00000223470bb6b0 sp=0x00000027533fd4e0
Event: 0.554 Thread 0x000002239939c1c0 DEOPT UNPACKING pc=0x0000022346c39902 sp=0x00000027533fd410 mode 2
Event: 0.563 Thread 0x000002239939c1c0 Uncommon trap: trap_request=0xffffff4d fr.pc=0x00000223470ff368 relative=0x0000000000000408
Event: 0.563 Thread 0x000002239939c1c0 Uncommon trap: reason=unstable_if action=reinterpret pc=0x00000223470ff368 method=java.lang.Character.isSurrogate(C)Z @ 3 c2
Event: 0.563 Thread 0x000002239939c1c0 DEOPT PACKING pc=0x00000223470ff368 sp=0x00000027533fd160
Event: 0.563 Thread 0x000002239939c1c0 DEOPT UNPACKING pc=0x0000022346c39902 sp=0x00000027533fd078 mode 2
Event: 0.584 Thread 0x000002239939c1c0 Uncommon trap: trap_request=0xffffff5c fr.pc=0x00000223470f4560 relative=0x0000000000000060
Event: 0.584 Thread 0x000002239939c1c0 Uncommon trap: reason=speculate_null_check action=make_not_entrant pc=0x00000223470f4560 method=jdk.internal.misc.Unsafe.getIntUnaligned(Ljava/lang/Object;JZ)I @ 5 c2
Event: 0.584 Thread 0x000002239939c1c0 DEOPT PACKING pc=0x00000223470f4560 sp=0x00000027533fd240
Event: 0.584 Thread 0x000002239939c1c0 DEOPT UNPACKING pc=0x0000022346c39902 sp=0x00000027533fd198 mode 2

Classes loaded (20 events):
Event: 0.596 Loading class sun/awt/WeakIdentityHashMap$WeakKey done
Event: 0.596 Loading class java/util/ArrayList$ListItr
Event: 0.596 Loading class java/util/ArrayList$ListItr done
Event: 0.596 Loading class java/awt/event/FocusEvent$Cause
Event: 0.596 Loading class java/awt/event/FocusEvent$Cause done
Event: 0.596 Loading class sun/awt/KeyboardFocusManagerPeerImpl$KfmAccessor
Event: 0.596 Loading class sun/awt/KeyboardFocusManagerPeerImpl$KfmAccessor done
Event: 0.597 Loading class java/awt/KeyboardFocusManager$HeavyweightFocusRequest
Event: 0.597 Loading class java/awt/KeyboardFocusManager$HeavyweightFocusRequest done
Event: 0.597 Loading class java/awt/DefaultKeyboardFocusManager$TypeAheadMarker
Event: 0.597 Loading class java/awt/DefaultKeyboardFocusManager$TypeAheadMarker done
Event: 0.597 Loading class java/awt/KeyboardFocusManager$LightweightFocusRequest
Event: 0.597 Loading class java/awt/KeyboardFocusManager$LightweightFocusRequest done
Event: 0.599 Loading class java/awt/im/InputContext
Event: 0.599 Loading class java/awt/im/InputContext done
Event: 0.599 Loading class sun/awt/im/InputMethodContext
Event: 0.599 Loading class java/awt/im/spi/InputMethodContext
Event: 0.599 Loading class java/awt/im/InputMethodRequests
Event: 0.599 Loading class java/awt/im/InputMethodRequests done
Event: 0.599 Loading class java/awt/im/spi/InputMethodContext done

Classes unloaded (0 events):
No events

Classes redefined (0 events):
No events

Internal exceptions (20 events):
Event: 0.393 Thread 0x000002239939c1c0 Exception <a 'java/io/FileNotFoundException'{0x000000008bf18458}> (0x000000008bf18458) 
thrown [s\src\hotspot\share\prims\jni.cpp, line 518]
Event: 0.393 Thread 0x000002239939c1c0 Exception <a 'java/io/FileNotFoundException'{0x000000008bf19648}> (0x000000008bf19648) 
thrown [s\src\hotspot\share\prims\jni.cpp, line 518]
Event: 0.393 Thread 0x000002239939c1c0 Exception <a 'java/io/FileNotFoundException'{0x000000008bf1a7f8}> (0x000000008bf1a7f8) 
thrown [s\src\hotspot\share\prims\jni.cpp, line 518]
Event: 0.393 Thread 0x000002239939c1c0 Exception <a 'java/io/FileNotFoundException'{0x000000008bf1ccf8}> (0x000000008bf1ccf8) 
thrown [s\src\hotspot\share\prims\jni.cpp, line 518]
Event: 0.393 Thread 0x000002239939c1c0 Exception <a 'java/io/FileNotFoundException'{0x000000008bf1ded8}> (0x000000008bf1ded8) 
thrown [s\src\hotspot\share\prims\jni.cpp, line 518]
Event: 0.396 Thread 0x000002239939c1c0 Exception <a 'java/io/FileNotFoundException'{0x000000008bf23070}> (0x000000008bf23070) 
thrown [s\src\hotspot\share\prims\jni.cpp, line 518]
Event: 0.397 Thread 0x000002239939c1c0 Exception <a 'java/io/FileNotFoundException'{0x000000008bf253b0}> (0x000000008bf253b0) 
thrown [s\src\hotspot\share\prims\jni.cpp, line 518]
Event: 0.397 Thread 0x000002239939c1c0 Exception <a 'java/io/FileNotFoundException'{0x000000008bf27828}> (0x000000008bf27828) 
thrown [s\src\hotspot\share\prims\jni.cpp, line 518]
Event: 0.402 Thread 0x000002239939c1c0 Exception <a 'java/io/FileNotFoundException'{0x000000008bf3d1a0}> (0x000000008bf3d1a0) 
thrown [s\src\hotspot\share\prims\jni.cpp, line 518]
Event: 0.403 Thread 0x000002239939c1c0 Exception <a 'java/io/FileNotFoundException'{0x000000008bf42088}> (0x000000008bf42088) 
thrown [s\src\hotspot\share\prims\jni.cpp, line 518]
Event: 0.403 Thread 0x000002239939c1c0 Exception <a 'java/io/FileNotFoundException'{0x000000008bf44568}> (0x000000008bf44568) 
thrown [s\src\hotspot\share\prims\jni.cpp, line 518]
Event: 0.404 Thread 0x000002239939c1c0 Exception <a 'java/io/FileNotFoundException'{0x000000008bf468f0}> (0x000000008bf468f0) 
thrown [s\src\hotspot\share\prims\jni.cpp, line 518]
Event: 0.404 Thread 0x000002239939c1c0 Exception <a 'java/io/FileNotFoundException'{0x000000008bf49740}> (0x000000008bf49740) 
thrown [s\src\hotspot\share\prims\jni.cpp, line 518]
Event: 0.405 Thread 0x000002239939c1c0 Exception <a 'java/io/FileNotFoundException'{0x000000008bf4d3f0}> (0x000000008bf4d3f0) 
thrown [s\src\hotspot\share\prims\jni.cpp, line 518]
Event: 0.405 Thread 0x000002239939c1c0 Exception <a 'java/io/FileNotFoundException'{0x000000008bf4e5d8}> (0x000000008bf4e5d8) 
thrown [s\src\hotspot\share\prims\jni.cpp, line 518]
Event: 0.405 Thread 0x000002239939c1c0 Exception <a 'java/io/FileNotFoundException'{0x000000008bf4f7c8}> (0x000000008bf4f7c8) 
thrown [s\src\hotspot\share\prims\jni.cpp, line 518]
Event: 0.405 Thread 0x000002239939c1c0 Exception <a 'java/io/FileNotFoundException'{0x000000008bf52660}> (0x000000008bf52660) 
thrown [s\src\hotspot\share\prims\jni.cpp, line 518]
Event: 0.406 Thread 0x000002239939c1c0 Exception <a 'java/io/FileNotFoundException'{0x000000008bf56650}> (0x000000008bf56650) 
thrown [s\src\hotspot\share\prims\jni.cpp, line 518]
Event: 0.406 Thread 0x000002239939c1c0 Exception <a 'java/io/FileNotFoundException'{0x000000008bf58980}> (0x000000008bf58980) 
thrown [s\src\hotspot\share\prims\jni.cpp, line 518]
Event: 0.591 Thread 0x000002239939c1c0 Exception <a 'java/lang/NoSuchMethodError'{0x000000008b7682d0}: 'int java.lang.invoke.DelegatingMethodHandle$Holder.reinvoke_L(java.lang.Object, java.lang.Object, java.lang.Object, java.lang.Object, long, long)'> (0x000000008b7682d0) 
thrown [s\src\hotspot\share\interpreter\linkResolver.cpp, line 805]

VM Operations (8 events):
Event: 0.057 Executing VM operation: HandshakeAllThreads (Deoptimize)
Event: 0.057 Executing VM operation: HandshakeAllThreads (Deoptimize) done
Event: 0.213 Executing VM operation: HandshakeAllThreads (Deoptimize)
Event: 0.213 Executing VM operation: HandshakeAllThreads (Deoptimize) done
Event: 0.239 Executing VM operation: HandshakeAllThreads (Deoptimize)
Event: 0.239 Executing VM operation: HandshakeAllThreads (Deoptimize) done
Event: 0.277 Executing VM operation: HandshakeAllThreads (Deoptimize)
Event: 0.277 Executing VM operation: HandshakeAllThreads (Deoptimize) done

Memory protections (0 events):
No events

Nmethod flushes (0 events):
No events

Events (18 events):
Event: 0.026 Thread 0x000002233457ed50 Thread added: 0x000002233457ed50
Event: 0.033 Thread 0x000002233457ed50 Thread added: 0x0000022353e123a0
Event: 0.033 Thread 0x000002233457ed50 Thread added: 0x0000022353e12ae0
Event: 0.033 Thread 0x000002233457ed50 Thread added: 0x0000022353e13610
Event: 0.033 Thread 0x000002233457ed50 Thread added: 0x0000022353e17830
Event: 0.033 Thread 0x000002233457ed50 Thread added: 0x0000022353e18360
Event: 0.033 Thread 0x000002233457ed50 Thread added: 0x0000022353e1aeb0
Event: 0.033 Thread 0x000002233457ed50 Thread added: 0x0000022353e46f30
Event: 0.033 Thread 0x000002233457ed50 Thread added: 0x0000022353e496d0
Event: 0.051 Thread 0x000002233457ed50 Thread added: 0x000002239909a740
Event: 0.062 Thread 0x000002233457ed50 Thread added: 0x0000022399172160
Event: 0.119 Thread 0x000002233457ed50 Thread added: 0x0000022399272250
Event: 0.119 Thread 0x000002233457ed50 Thread added: 0x00000223993fe5b0
Event: 0.119 Thread 0x000002233457ed50 Thread added: 0x0000022399475520
Event: 0.189 Thread 0x000002233457ed50 Thread added: 0x0000022399837080
Event: 0.251 Thread 0x0000022399475520 Thread added: 0x000002239939c1c0
Event: 0.349 Thread 0x000002233457ed50 Thread exited: 0x000002233457ed50
Event: 0.349 Thread 0x000002233457ed50 Thread added: 0x000002233457ed50


Dynamic libraries:
0x00007ff65bea0000 - 0x00007ff65beae000 	C:\Program Files\Apache NetBeans\jdk\bin\java.exe
0x00007fff24b60000 - 0x00007fff24dc8000 	C:\WINDOWS\SYSTEM32\ntdll.dll
0x00007fff23ab0000 - 0x00007fff23b79000 	C:\WINDOWS\System32\KERNEL32.DLL
0x00007fff21da0000 - 0x00007fff22192000 	C:\WINDOWS\System32\KERNELBASE.dll
0x00007fff221a0000 - 0x00007fff222eb000 	C:\WINDOWS\System32\ucrtbase.dll
0x00007ffef6ec0000 - 0x00007ffef6ed6000 	C:\Program Files\Apache NetBeans\jdk\bin\jli.dll
0x00007ffef9b30000 - 0x00007ffef9b4e000 	C:\Program Files\Apache NetBeans\jdk\bin\VCRUNTIME140.dll
0x00007fff22ff0000 - 0x00007fff231b5000 	C:\WINDOWS\System32\USER32.dll
0x00007fff223b0000 - 0x00007fff223d7000 	C:\WINDOWS\System32\win32u.dll
0x00007fff24af0000 - 0x00007fff24b1b000 	C:\WINDOWS\System32\GDI32.dll
0x00007fff02b00000 - 0x00007fff02d93000 	C:\WINDOWS\WinSxS\amd64_microsoft.windows.common-controls_6595b64144ccf1df_6.0.26100.6899_none_3e0efeeae32e88c1\COMCTL32.dll
0x00007fff22690000 - 0x00007fff227bd000 	C:\WINDOWS\System32\gdi32full.dll
0x00007fff24420000 - 0x00007fff244c9000 	C:\WINDOWS\System32\msvcrt.dll
0x00007fff21cf0000 - 0x00007fff21d93000 	C:\WINDOWS\System32\msvcp_win.dll
0x00007fff23310000 - 0x00007fff2333f000 	C:\WINDOWS\System32\IMM32.DLL
0x00007ffeff060000 - 0x00007ffeff06c000 	C:\Program Files\Apache NetBeans\jdk\bin\vcruntime140_1.dll
0x00007ffebace0000 - 0x00007ffebad6d000 	C:\Program Files\Apache NetBeans\jdk\bin\msvcp140.dll
0x00007ffea7e50000 - 0x00007ffea8ccc000 	C:\Program Files\Apache NetBeans\jdk\bin\server\jvm.dll
0x00007fff23b80000 - 0x00007fff23c34000 	C:\WINDOWS\System32\ADVAPI32.dll
0x00007fff244d0000 - 0x00007fff24576000 	C:\WINDOWS\System32\sechost.dll
0x00007fff231c0000 - 0x00007fff232d8000 	C:\WINDOWS\System32\RPCRT4.dll
0x00007fff23c40000 - 0x00007fff23cb4000 	C:\WINDOWS\System32\WS2_32.dll
0x00007fff21b50000 - 0x00007fff21bae000 	C:\WINDOWS\SYSTEM32\POWRPROF.dll
0x00007fff16e60000 - 0x00007fff16e95000 	C:\WINDOWS\SYSTEM32\WINMM.dll
0x00007fff0f730000 - 0x00007fff0f73b000 	C:\WINDOWS\SYSTEM32\VERSION.dll
0x00007fff21b30000 - 0x00007fff21b44000 	C:\WINDOWS\SYSTEM32\UMPDC.dll
0x00007fff20ac0000 - 0x00007fff20adb000 	C:\WINDOWS\SYSTEM32\kernel.appcore.dll
0x00007ffefcc90000 - 0x00007ffefcc9a000 	C:\Program Files\Apache NetBeans\jdk\bin\jimage.dll
0x00007fff1f360000 - 0x00007fff1f5a2000 	C:\WINDOWS\SYSTEM32\DBGHELP.DLL
0x00007fff22c70000 - 0x00007fff22feb000 	C:\WINDOWS\System32\combase.dll
0x00007fff24120000 - 0x00007fff241f7000 	C:\WINDOWS\System32\OLEAUT32.dll
0x00007fff03d70000 - 0x00007fff03dac000 	C:\WINDOWS\SYSTEM32\dbgcore.DLL
0x00007fff225f0000 - 0x00007fff22688000 	C:\WINDOWS\System32\bcryptPrimitives.dll
0x00007ffef6ee0000 - 0x00007ffef6efe000 	C:\Program Files\Apache NetBeans\jdk\bin\java.dll
0x00007fff24270000 - 0x00007fff24408000 	C:\WINDOWS\System32\ole32.dll
0x00007fff23360000 - 0x00007fff23aad000 	C:\WINDOWS\System32\SHELL32.dll
0x00007fff227c0000 - 0x00007fff2292b000 	C:\WINDOWS\System32\wintypes.dll
0x00007fff1f920000 - 0x00007fff2017d000 	C:\WINDOWS\SYSTEM32\windows.storage.dll
0x00007fff23e40000 - 0x00007fff23f32000 	C:\WINDOWS\System32\SHCORE.dll
0x00007fff24200000 - 0x00007fff24262000 	C:\WINDOWS\System32\shlwapi.dll
0x00007fff21c10000 - 0x00007fff21c39000 	C:\WINDOWS\SYSTEM32\profapi.dll
0x00007ffef6de0000 - 0x00007ffef6eb7000 	C:\Program Files\Apache NetBeans\jdk\bin\jsvml.dll
0x00007ffefab50000 - 0x00007ffefab60000 	C:\Program Files\Apache NetBeans\jdk\bin\net.dll
0x00007fff21030000 - 0x00007fff2109b000 	C:\WINDOWS\system32\mswsock.dll
0x00007ffef6da0000 - 0x00007ffef6db6000 	C:\Program Files\Apache NetBeans\jdk\bin\nio.dll
0x00007ffef6dc0000 - 0x00007ffef6dd7000 	C:\Program Files\Apache NetBeans\jdk\bin\zip.dll
0x00007ffebad70000 - 0x00007ffebaeee000 	C:\Program Files\Apache NetBeans\jdk\bin\awt.dll
0x00007fff1e900000 - 0x00007fff1e99f000 	C:\WINDOWS\SYSTEM32\apphelp.dll
0x00007fff1ed40000 - 0x00007fff1ed6d000 	C:\WINDOWS\system32\DWMAPI.DLL
0x00007fff1ead0000 - 0x00007fff1eb7a000 	C:\WINDOWS\system32\uxtheme.dll
0x00007ffebab00000 - 0x00007ffebac0c000 	C:\WINDOWS\system32\opengl32.dll
0x00007ffef6d70000 - 0x00007ffef6d9d000 	C:\WINDOWS\SYSTEM32\GLU32.dll
0x00007fff1eda0000 - 0x00007fff1ede4000 	C:\WINDOWS\SYSTEM32\dxcore.dll
0x00007fff229d0000 - 0x00007fff22b2b000 	C:\WINDOWS\System32\MSCTF.dll
0x00007fff19c60000 - 0x00007fff19c8e000 	C:\Program Files\Apache NetBeans\jdk\bin\javajpeg.dll
0x00007ffebaa70000 - 0x00007ffebaaf7000 	C:\Program Files\Apache NetBeans\jdk\bin\freetype.dll
0x00007ffeba990000 - 0x00007ffebaa69000 	C:\Program Files\Apache NetBeans\jdk\bin\fontmanager.dll
0x00007fff22b30000 - 0x00007fff22be1000 	C:\WINDOWS\System32\clbcatq.dll
0x00007fff1cb80000 - 0x00007fff1cdb0000 	C:\WINDOWS\SYSTEM32\WindowsCodecs.dll
0x00007ffef1fe0000 - 0x00007ffef203a000 	C:\WINDOWS\system32\dataexchange.dll
0x00007fff11770000 - 0x00007fff119b5000 	C:\WINDOWS\system32\twinapi.appcore.dll
0x00007fff06b10000 - 0x00007fff06c5a000 	C:\WINDOWS\SYSTEM32\textinputframework.dll
0x00007ffeea960000 - 0x00007ffeea9da000 	C:\WINDOWS\system32\Oleacc.dll
0x00007fff1e4c0000 - 0x00007fff1e5e5000 	C:\WINDOWS\SYSTEM32\CoreMessaging.dll
0x00007fff19180000 - 0x00007fff19463000 	C:\WINDOWS\SYSTEM32\CoreUIComponents.dll
0x00007fff212e0000 - 0x00007fff212ec000 	C:\WINDOWS\SYSTEM32\CRYPTBASE.DLL

JVMTI agents: none

dbghelp: loaded successfully - version: 4.0.5 - missing functions: none
symbol engine: initialized successfully - sym options: 0x614 - pdb path: .;C:\Program Files\Apache NetBeans\jdk\bin;C:\WINDOWS\SYSTEM32;C:\WINDOWS\WinSxS\amd64_microsoft.windows.common-controls_6595b64144ccf1df_6.0.26100.6899_none_3e0efeeae32e88c1;C:\Program Files\Apache NetBeans\jdk\bin\server

VM Arguments:
jvm_args: -Dfile.encoding=UTF-8 --module-path=C:\Users\rohit\OneDrive\Documents\NetBeansProjects\NextGen Digital Banking Suite\build\classes 
java_command: nextgen.digital.banking.suite.Login
java_class_path (initial): C:\Users\rohit\Downloads\mysql-connector-java-8.0.28.jar;C:\Users\rohit\Downloads\jcalendar-tz-1.3.3-4.jar;C:\Users\rohit\OneDrive\Documents\NetBeansProjects\NextGen Digital Banking Suite\build\classes
Launcher Type: SUN_STANDARD

[Global flags]
     intx CICompilerCount                          = 4                                         {product} {ergonomic}
     uint ConcGCThreads                            = 3                                         {product} {ergonomic}
     uint G1ConcRefinementThreads                  = 10                                        {product} {ergonomic}
   size_t G1HeapRegionSize                         = 1048576                                   {product} {ergonomic}
   size_t InitialHeapSize                          = 130023424                                 {product} {ergonomic}
   size_t MarkStackSize                            = 4194304                                   {product} {ergonomic}
   size_t MarkStackSizeMax                         = 536870912                                 {product} {ergonomic}
   size_t MaxHeapSize                              = 2061500416                                {product} {ergonomic}
   size_t MaxNewSize                               = 1236271104                                {product} {ergonomic}
   size_t MinHeapDeltaBytes                        = 1048576                                   {product} {ergonomic}
   size_t MinHeapSize                              = 8388608                                   {product} {ergonomic}
    uintx NonNMethodCodeHeapSize                   = 5832704                                {pd product} {ergonomic}
    uintx NonProfiledCodeHeapSize                  = 122945536                              {pd product} {ergonomic}
    uintx ProfiledCodeHeapSize                     = 122880000                              {pd product} {ergonomic}
    uintx ReservedCodeCacheSize                    = 251658240                              {pd product} {ergonomic}
     bool SegmentedCodeCache                       = true                                      {product} {ergonomic}
   size_t SoftMaxHeapSize                          = 2061500416                             {manageable} {ergonomic}
     bool UseCompressedOops                        = true                           {product lp64_product} {ergonomic}
     bool UseG1GC                                  = true                                      {product} {ergonomic}
     bool UseLargePagesIndividualAllocation        = false                                  {pd product} {ergonomic}

Logging:
Log output configuration:
 #0: stdout all=warning uptime,level,tags foldmultilines=false
 #1: stderr all=off uptime,level,tags foldmultilines=false

Environment Variables:
JAVA_HOME=C:\Program Files\Java\jdk-21
PATH=C:\Python313\Scripts\;C:\Python313\;c:\Users\rohit\AppData\Local\Programs\cursor\resources\app\bin;C:\Program Files\Google\Chrome\Application;C:\Program Files\Common Files\Oracle\Java\javapath;C:\WINDOWS\system32;C:\WINDOWS;C:\WINDOWS\System32\Wbem;C:\WINDOWS\System32\WindowsPowerShell\v1.0\;C:\WINDOWS\System32\OpenSSH\;C:\Program Files\Java\jdk-21\bin;C:\Users\rohit\AppData\Local\Microsoft\WindowsApps;c:\Users\rohit\AppData\Local\Programs\cursor\resources\app\bin;C:\Program Files\nodejs\;C:\ProgramData\chocolatey\bin;C:\Program Files\Git\cmd;C:\Program Files\Java\jdk-21\bin;C:\Program Files\Java\jdk-24\bin;C:\Users\rohit\AppData\Local\Microsoft\WindowsApps;C:\Users\rohit\AppData\Local\Programs\Microsoft VS Code\bin;C:\Users\rohit\AppData\Local\Programs\cursor\resources\app\bin;C:\Users\rohit\AppData\Roaming\npm
USERNAME=rohit
OS=Windows_NT
PROCESSOR_IDENTIFIER=Intel64 Family 6 Model 154 Stepping 4, GenuineIntel
TMP=C:\Users\rohit\AppData\Local\Temp
TEMP=C:\Users\rohit\AppData\Local\Temp




Periodic native trim disabled

---------------  S Y S T E M  ---------------

OS:
 Windows 11 , 64 bit Build 26100 (10.0.26100.6725)
OS uptime: 6 days 4:12 hours
Hyper-V role detected

CPU: total 12 (initial active 12) (6 cores per cpu, 2 threads per core) family 6 model 154 stepping 4 microcode 0x42c, cx8, cmov, fxsr, ht, mmx, 3dnowpref, sse, sse2, sse3, ssse3, sse4.1, sse4.2, popcnt, lzcnt, tsc, tscinvbit, avx, avx2, aes, erms, clmul, bmi1, bmi2, adx, sha, fma, vzeroupper, clflush, clflushopt, clwb, hv, serialize, rdtscp, rdpid, fsrm, gfni, f16c, cet_ibt, cet_ss
Processor Information for processor 0
  Max Mhz: 1300, Current Mhz: 1300, Mhz Limit: 1300
Processor Information for processor 1
  Max Mhz: 1300, Current Mhz: 1300, Mhz Limit: 1300
Processor Information for processor 2
  Max Mhz: 1300, Current Mhz: 1300, Mhz Limit: 1300
Processor Information for processor 3
  Max Mhz: 1300, Current Mhz: 1300, Mhz Limit: 1300
Processor Information for processor 4
  Max Mhz: 1300, Current Mhz: 900, Mhz Limit: 897
Processor Information for processor 5
  Max Mhz: 1300, Current Mhz: 900, Mhz Limit: 897
Processor Information for processor 6
  Max Mhz: 1300, Current Mhz: 900, Mhz Limit: 897
Processor Information for processor 7
  Max Mhz: 1300, Current Mhz: 900, Mhz Limit: 897
Processor Information for processor 8
  Max Mhz: 1300, Current Mhz: 900, Mhz Limit: 897
Processor Information for processor 9
  Max Mhz: 1300, Current Mhz: 900, Mhz Limit: 897
Processor Information for processor 10
  Max Mhz: 1300, Current Mhz: 900, Mhz Limit: 897
Processor Information for processor 11
  Max Mhz: 1300, Current Mhz: 900, Mhz Limit: 897

Memory: 4k page, system-wide physical 7860M (340M free)
TotalPageFile size 32436M (AvailPageFile size 9M)
current process WorkingSet (physical memory assigned to process): 98M, peak: 98M
current process commit charge ("private bytes"): 236M, peak: 239M

vm_info: OpenJDK 64-Bit Server VM (24.0.1+9) for windows-amd64 JRE (24.0.1+9) (Zulu24.30+11-CA), built on 2025-03-21T13:52:34Z with MS VC++ 17.1 (VS2022)

END.
